0 info it worked if it ends with ok
1 verbose cli [ 'c:\\Program Files\\nodejs\\node.exe',
1 verbose cli   'c:\\Program Files\\nodejs\\node_modules\\npm\\bin\\npm-cli.js',
1 verbose cli   'install',
1 verbose cli   'toobusy' ]
2 info using npm@1.4.21
3 info using node@v0.10.30
4 warn package.json starter-node-angular@ No repository field.
5 warn package.json http@0.0.0 http is also the name of a node core module.
6 warn package.json http@0.0.0 No description
7 warn package.json http@0.0.0 No repository field.
8 warn package.json http@0.0.0 No README data
9 warn package.json path@0.4.9 path is also the name of a node core module.
10 warn package.json path@0.4.9 No README data
11 verbose readDependencies using package.json deps
12 verbose cache add [ 'toobusy', null ]
13 verbose cache add name=undefined spec="toobusy" args=["toobusy",null]
14 verbose parsed url { protocol: null,
14 verbose parsed url   slashes: null,
14 verbose parsed url   auth: null,
14 verbose parsed url   host: null,
14 verbose parsed url   port: null,
14 verbose parsed url   hostname: null,
14 verbose parsed url   hash: null,
14 verbose parsed url   search: null,
14 verbose parsed url   query: null,
14 verbose parsed url   pathname: 'toobusy',
14 verbose parsed url   path: 'toobusy',
14 verbose parsed url   href: 'toobusy' }
15 silly lockFile 5f16b272-toobusy toobusy
16 verbose lock toobusy C:\Users\Spencer Brown\AppData\Roaming\npm-cache\5f16b272-toobusy.lock
17 silly lockFile 5f16b272-toobusy toobusy
18 silly lockFile 5f16b272-toobusy toobusy
19 verbose addNamed [ 'toobusy', '' ]
20 verbose addNamed [ null, '*' ]
21 silly lockFile a584e05a-toobusy toobusy@
22 verbose lock toobusy@ C:\Users\Spencer Brown\AppData\Roaming\npm-cache\a584e05a-toobusy.lock
23 silly addNameRange { name: 'toobusy', range: '*', hasData: false }
24 verbose request where is /toobusy
25 verbose request registry https://registry.npmjs.org/
26 verbose request id b0b708278404a5db
27 verbose url raw /toobusy
28 verbose url resolving [ 'https://registry.npmjs.org/', './toobusy' ]
29 verbose url resolved https://registry.npmjs.org/toobusy
30 verbose request where is https://registry.npmjs.org/toobusy
31 info trying registry request attempt 1 at 00:17:48
32 verbose etag "D09U8E4HZIKBCNNQW1N4GHURJ"
33 http GET https://registry.npmjs.org/toobusy
34 http 304 https://registry.npmjs.org/toobusy
35 silly registry.get cb [ 304,
35 silly registry.get   { date: 'Wed, 18 Feb 2015 08:17:48 GMT',
35 silly registry.get     server: 'Apache',
35 silly registry.get     via: '1.1 varnish',
35 silly registry.get     'last-modified': 'Wed, 18 Feb 2015 08:17:48 GMT',
35 silly registry.get     'cache-control': 'max-age=60',
35 silly registry.get     etag: '"D09U8E4HZIKBCNNQW1N4GHURJ"',
35 silly registry.get     age: '0',
35 silly registry.get     'x-served-by': 'cache-sjc3135-SJC',
35 silly registry.get     'x-cache': 'MISS',
35 silly registry.get     'x-cache-hits': '0',
35 silly registry.get     'x-timer': 'S1424247468.120503,VS0,VE153',
35 silly registry.get     vary: 'Accept',
35 silly registry.get     'content-length': '0',
35 silly registry.get     'keep-alive': 'timeout=10, max=50',
35 silly registry.get     connection: 'Keep-Alive' } ]
36 verbose etag https://registry.npmjs.org/toobusy from cache
37 silly addNameRange number 2 { name: 'toobusy', range: '*', hasData: true }
38 silly addNameRange versions [ 'toobusy',
38 silly addNameRange   [ '0.0.1',
38 silly addNameRange     '0.1.0',
38 silly addNameRange     '0.1.1',
38 silly addNameRange     '0.2.0',
38 silly addNameRange     '0.2.1',
38 silly addNameRange     '0.2.2',
38 silly addNameRange     '0.2.3',
38 silly addNameRange     '0.2.4' ] ]
39 verbose addNamed [ 'toobusy', '0.2.4' ]
40 verbose addNamed [ '0.2.4', '0.2.4' ]
41 silly lockFile 480b55a9-toobusy-0-2-4 toobusy@0.2.4
42 verbose lock toobusy@0.2.4 C:\Users\Spencer Brown\AppData\Roaming\npm-cache\480b55a9-toobusy-0-2-4.lock
43 silly lockFile 480b55a9-toobusy-0-2-4 toobusy@0.2.4
44 silly lockFile 480b55a9-toobusy-0-2-4 toobusy@0.2.4
45 silly lockFile a584e05a-toobusy toobusy@
46 silly lockFile a584e05a-toobusy toobusy@
47 silly resolved [ { name: 'toobusy',
47 silly resolved     description: 'Don\'t fall over when your Node.JS server is too busy.',
47 silly resolved     homepage: 'https://github.com/lloyd/node-toobusy',
47 silly resolved     version: '0.2.4',
47 silly resolved     dependencies: { bindings: '1.1.0' },
47 silly resolved     devDependencies: { should: '1.2.1', mocha: '1.7.0' },
47 silly resolved     maintainers: [ [Object] ],
47 silly resolved     bugs: { url: 'https://github.com/lloyd/node-toobusy/issues' },
47 silly resolved     licenses: [ [Object] ],
47 silly resolved     repository: { type: 'git', url: 'git://github.com/lloyd/node-toobusy.git' },
47 silly resolved     main: './index.js',
47 silly resolved     engines: { node: '>=0.8.0' },
47 silly resolved     scripts: { test: 'mocha tests', install: 'node-gyp rebuild' },
47 silly resolved     gypfile: true,
47 silly resolved     _id: 'toobusy@0.2.4',
47 silly resolved     dist:
47 silly resolved      { shasum: 'd97a3ee760b2462388e15f8526579b4b64bb193d',
47 silly resolved        tarball: 'http://registry.npmjs.org/toobusy/-/toobusy-0.2.4.tgz' },
47 silly resolved     _from: 'toobusy@',
47 silly resolved     _npmVersion: '1.3.11',
47 silly resolved     _npmUser: { name: 'lloyd', email: 'lloyd@hilaiel.com' },
47 silly resolved     directories: {},
47 silly resolved     _shasum: 'd97a3ee760b2462388e15f8526579b4b64bb193d',
47 silly resolved     _resolved: 'https://registry.npmjs.org/toobusy/-/toobusy-0.2.4.tgz',
47 silly resolved     readme: 'ERROR: No README data found!' } ]
48 info install toobusy@0.2.4 into c:\Users\Spencer Brown\Projects\Fantastic\FantasticAlphaV2
49 info installOne toobusy@0.2.4
50 verbose node_modules\toobusy unbuild
51 verbose tar unpack C:\Users\Spencer Brown\AppData\Roaming\npm-cache\toobusy\0.2.4\package.tgz
52 silly lockFile 712f597d-sticAlphaV2-node-modules-toobusy tar://c:\Users\Spencer Brown\Projects\Fantastic\FantasticAlphaV2\node_modules\toobusy
53 verbose lock tar://c:\Users\Spencer Brown\Projects\Fantastic\FantasticAlphaV2\node_modules\toobusy C:\Users\Spencer Brown\AppData\Roaming\npm-cache\712f597d-sticAlphaV2-node-modules-toobusy.lock
54 silly lockFile 8b4a785e--cache-toobusy-0-2-4-package-tgz tar://C:\Users\Spencer Brown\AppData\Roaming\npm-cache\toobusy\0.2.4\package.tgz
55 verbose lock tar://C:\Users\Spencer Brown\AppData\Roaming\npm-cache\toobusy\0.2.4\package.tgz C:\Users\Spencer Brown\AppData\Roaming\npm-cache\8b4a785e--cache-toobusy-0-2-4-package-tgz.lock
56 silly gunzTarPerm modes [ '777', '666' ]
57 silly gunzTarPerm extractEntry package.json
58 silly gunzTarPerm modified mode [ 'package.json', 420, 438 ]
59 silly gunzTarPerm extractEntry .npmignore
60 silly gunzTarPerm modified mode [ '.npmignore', 420, 438 ]
61 silly gunzTarPerm extractEntry README.md
62 silly gunzTarPerm modified mode [ 'README.md', 420, 438 ]
63 silly gunzTarPerm extractEntry index.js
64 silly gunzTarPerm modified mode [ 'index.js', 420, 438 ]
65 silly gunzTarPerm extractEntry tests.js
66 silly gunzTarPerm modified mode [ 'tests.js', 420, 438 ]
67 silly gunzTarPerm extractEntry .travis.yml
68 silly gunzTarPerm modified mode [ '.travis.yml', 420, 438 ]
69 silly gunzTarPerm extractEntry ChangeLog
70 silly gunzTarPerm modified mode [ 'ChangeLog', 420, 438 ]
71 silly gunzTarPerm extractEntry binding.gyp
72 silly gunzTarPerm modified mode [ 'binding.gyp', 420, 438 ]
73 silly gunzTarPerm extractEntry examples/package.json
74 silly gunzTarPerm modified mode [ 'examples/package.json', 420, 438 ]
75 silly gunzTarPerm extractEntry examples/express.js
76 silly gunzTarPerm modified mode [ 'examples/express.js', 420, 438 ]
77 silly gunzTarPerm extractEntry examples/http.js
78 silly gunzTarPerm modified mode [ 'examples/http.js', 420, 438 ]
79 silly gunzTarPerm extractEntry examples/load.js
80 silly gunzTarPerm modified mode [ 'examples/load.js', 420, 438 ]
81 silly gunzTarPerm extractEntry examples/standalone.js
82 silly gunzTarPerm modified mode [ 'examples/standalone.js', 420, 438 ]
83 silly gunzTarPerm extractEntry examples/before.txt
84 silly gunzTarPerm modified mode [ 'examples/before.txt', 420, 438 ]
85 silly gunzTarPerm extractEntry examples/lower_dampening.txt
86 silly gunzTarPerm modified mode [ 'examples/lower_dampening.txt', 420, 438 ]
87 silly gunzTarPerm extractEntry toobusy.cc
88 silly gunzTarPerm modified mode [ 'toobusy.cc', 420, 438 ]
89 silly lockFile 712f597d-sticAlphaV2-node-modules-toobusy tar://c:\Users\Spencer Brown\Projects\Fantastic\FantasticAlphaV2\node_modules\toobusy
90 silly lockFile 712f597d-sticAlphaV2-node-modules-toobusy tar://c:\Users\Spencer Brown\Projects\Fantastic\FantasticAlphaV2\node_modules\toobusy
91 silly lockFile 8b4a785e--cache-toobusy-0-2-4-package-tgz tar://C:\Users\Spencer Brown\AppData\Roaming\npm-cache\toobusy\0.2.4\package.tgz
92 silly lockFile 8b4a785e--cache-toobusy-0-2-4-package-tgz tar://C:\Users\Spencer Brown\AppData\Roaming\npm-cache\toobusy\0.2.4\package.tgz
93 info preinstall toobusy@0.2.4
94 verbose readDependencies using package.json deps
95 verbose readDependencies using package.json deps
96 verbose cache add [ 'bindings@1.1.0', null ]
97 verbose cache add name=undefined spec="bindings@1.1.0" args=["bindings@1.1.0",null]
98 verbose parsed url { protocol: null,
98 verbose parsed url   slashes: null,
98 verbose parsed url   auth: null,
98 verbose parsed url   host: null,
98 verbose parsed url   port: null,
98 verbose parsed url   hostname: null,
98 verbose parsed url   hash: null,
98 verbose parsed url   search: null,
98 verbose parsed url   query: null,
98 verbose parsed url   pathname: 'bindings@1.1.0',
98 verbose parsed url   path: 'bindings@1.1.0',
98 verbose parsed url   href: 'bindings@1.1.0' }
99 verbose cache add name="bindings" spec="1.1.0" args=["bindings","1.1.0"]
100 verbose parsed url { protocol: null,
100 verbose parsed url   slashes: null,
100 verbose parsed url   auth: null,
100 verbose parsed url   host: null,
100 verbose parsed url   port: null,
100 verbose parsed url   hostname: null,
100 verbose parsed url   hash: null,
100 verbose parsed url   search: null,
100 verbose parsed url   query: null,
100 verbose parsed url   pathname: '1.1.0',
100 verbose parsed url   path: '1.1.0',
100 verbose parsed url   href: '1.1.0' }
101 verbose addNamed [ 'bindings', '1.1.0' ]
102 verbose addNamed [ '1.1.0', '1.1.0' ]
103 silly lockFile ff2d1960-bindings-1-1-0 bindings@1.1.0
104 verbose lock bindings@1.1.0 C:\Users\Spencer Brown\AppData\Roaming\npm-cache\ff2d1960-bindings-1-1-0.lock
105 verbose request where is /bindings
106 verbose request registry https://registry.npmjs.org/
107 verbose url raw /bindings
108 verbose url resolving [ 'https://registry.npmjs.org/', './bindings' ]
109 verbose url resolved https://registry.npmjs.org/bindings
110 verbose request where is https://registry.npmjs.org/bindings
111 info trying registry request attempt 1 at 00:17:48
112 verbose etag "BJGP1201ZXLWX88VO1W0N0YSR"
113 http GET https://registry.npmjs.org/bindings
114 http 304 https://registry.npmjs.org/bindings
115 silly registry.get cb [ 304,
115 silly registry.get   { date: 'Wed, 18 Feb 2015 08:17:48 GMT',
115 silly registry.get     server: 'Apache',
115 silly registry.get     via: '1.1 varnish',
115 silly registry.get     'last-modified': 'Wed, 18 Feb 2015 08:17:48 GMT',
115 silly registry.get     'cache-control': 'max-age=60',
115 silly registry.get     etag: '"BJGP1201ZXLWX88VO1W0N0YSR"',
115 silly registry.get     age: '33',
115 silly registry.get     'x-served-by': 'cache-sjc3122-SJC',
115 silly registry.get     'x-cache': 'HIT',
115 silly registry.get     'x-cache-hits': '1',
115 silly registry.get     'x-timer': 'S1424247468.648907,VS0,VE0',
115 silly registry.get     vary: 'Accept',
115 silly registry.get     'content-length': '0',
115 silly registry.get     'keep-alive': 'timeout=10, max=50',
115 silly registry.get     connection: 'Keep-Alive' } ]
116 verbose etag https://registry.npmjs.org/bindings from cache
117 silly lockFile ff2d1960-bindings-1-1-0 bindings@1.1.0
118 silly lockFile ff2d1960-bindings-1-1-0 bindings@1.1.0
119 silly resolved [ { name: 'bindings',
119 silly resolved     description: 'Helper module for loading your native module\'s .node file',
119 silly resolved     keywords: [ 'native', 'addon', 'bindings', 'gyp', 'waf', 'c', 'c++' ],
119 silly resolved     version: '1.1.0',
119 silly resolved     author:
119 silly resolved      { name: 'Nathan Rajlich',
119 silly resolved        email: 'nathan@tootallnate.net',
119 silly resolved        url: 'http://tootallnate.net' },
119 silly resolved     repository:
119 silly resolved      { type: 'git',
119 silly resolved        url: 'git://github.com/TooTallNate/node-bindings.git' },
119 silly resolved     main: './bindings.js',
119 silly resolved     _id: 'bindings@1.1.0',
119 silly resolved     dist:
119 silly resolved      { shasum: 'f3cc4deec19fe31f255864eb1e6ffad857266ef0',
119 silly resolved        tarball: 'http://registry.npmjs.org/bindings/-/bindings-1.1.0.tgz' },
119 silly resolved     _from: 'bindings@1.1.0',
119 silly resolved     _npmVersion: '1.2.12',
119 silly resolved     _npmUser: { name: 'tootallnate', email: 'nathan@tootallnate.net' },
119 silly resolved     maintainers: [ [Object], [Object] ],
119 silly resolved     directories: {},
119 silly resolved     _shasum: 'f3cc4deec19fe31f255864eb1e6ffad857266ef0',
119 silly resolved     _resolved: 'https://registry.npmjs.org/bindings/-/bindings-1.1.0.tgz',
119 silly resolved     bugs: { url: 'https://github.com/TooTallNate/node-bindings/issues' },
119 silly resolved     readme: 'ERROR: No README data found!',
119 silly resolved     homepage: 'https://github.com/TooTallNate/node-bindings' } ]
120 info install bindings@1.1.0 into c:\Users\Spencer Brown\Projects\Fantastic\FantasticAlphaV2\node_modules\toobusy
121 info installOne bindings@1.1.0
122 verbose node_modules\toobusy\node_modules\bindings unbuild
123 verbose tar unpack C:\Users\Spencer Brown\AppData\Roaming\npm-cache\bindings\1.1.0\package.tgz
124 silly lockFile 5c23f2af-es-toobusy-node-modules-bindings tar://c:\Users\Spencer Brown\Projects\Fantastic\FantasticAlphaV2\node_modules\toobusy\node_modules\bindings
125 verbose lock tar://c:\Users\Spencer Brown\Projects\Fantastic\FantasticAlphaV2\node_modules\toobusy\node_modules\bindings C:\Users\Spencer Brown\AppData\Roaming\npm-cache\5c23f2af-es-toobusy-node-modules-bindings.lock
126 silly lockFile 4b62aa88-cache-bindings-1-1-0-package-tgz tar://C:\Users\Spencer Brown\AppData\Roaming\npm-cache\bindings\1.1.0\package.tgz
127 verbose lock tar://C:\Users\Spencer Brown\AppData\Roaming\npm-cache\bindings\1.1.0\package.tgz C:\Users\Spencer Brown\AppData\Roaming\npm-cache\4b62aa88-cache-bindings-1-1-0-package-tgz.lock
128 silly gunzTarPerm modes [ '777', '666' ]
129 silly gunzTarPerm extractEntry package.json
130 silly gunzTarPerm modified mode [ 'package.json', 420, 438 ]
131 silly gunzTarPerm extractEntry README.md
132 silly gunzTarPerm modified mode [ 'README.md', 420, 438 ]
133 silly gunzTarPerm extractEntry bindings.js
134 silly gunzTarPerm modified mode [ 'bindings.js', 420, 438 ]
135 silly lockFile 5c23f2af-es-toobusy-node-modules-bindings tar://c:\Users\Spencer Brown\Projects\Fantastic\FantasticAlphaV2\node_modules\toobusy\node_modules\bindings
136 silly lockFile 5c23f2af-es-toobusy-node-modules-bindings tar://c:\Users\Spencer Brown\Projects\Fantastic\FantasticAlphaV2\node_modules\toobusy\node_modules\bindings
137 silly lockFile 4b62aa88-cache-bindings-1-1-0-package-tgz tar://C:\Users\Spencer Brown\AppData\Roaming\npm-cache\bindings\1.1.0\package.tgz
138 silly lockFile 4b62aa88-cache-bindings-1-1-0-package-tgz tar://C:\Users\Spencer Brown\AppData\Roaming\npm-cache\bindings\1.1.0\package.tgz
139 info preinstall bindings@1.1.0
140 verbose readDependencies using package.json deps
141 verbose readDependencies using package.json deps
142 silly resolved []
143 verbose about to build c:\Users\Spencer Brown\Projects\Fantastic\FantasticAlphaV2\node_modules\toobusy\node_modules\bindings
144 info build c:\Users\Spencer Brown\Projects\Fantastic\FantasticAlphaV2\node_modules\toobusy\node_modules\bindings
145 verbose linkStuff [ false,
145 verbose linkStuff   false,
145 verbose linkStuff   false,
145 verbose linkStuff   'c:\\Users\\Spencer Brown\\Projects\\Fantastic\\FantasticAlphaV2\\node_modules\\toobusy\\node_modules' ]
146 info linkStuff bindings@1.1.0
147 verbose linkBins bindings@1.1.0
148 verbose linkMans bindings@1.1.0
149 verbose rebuildBundles bindings@1.1.0
150 info install bindings@1.1.0
151 info postinstall bindings@1.1.0
152 verbose about to build c:\Users\Spencer Brown\Projects\Fantastic\FantasticAlphaV2\node_modules\toobusy
153 info build c:\Users\Spencer Brown\Projects\Fantastic\FantasticAlphaV2\node_modules\toobusy
154 verbose linkStuff [ false,
154 verbose linkStuff   false,
154 verbose linkStuff   false,
154 verbose linkStuff   'c:\\Users\\Spencer Brown\\Projects\\Fantastic\\FantasticAlphaV2\\node_modules' ]
155 info linkStuff toobusy@0.2.4
156 verbose linkBins toobusy@0.2.4
157 verbose linkMans toobusy@0.2.4
158 verbose rebuildBundles toobusy@0.2.4
159 verbose rebuildBundles [ 'bindings' ]
160 info install toobusy@0.2.4
161 verbose unsafe-perm in lifecycle true
162 info toobusy@0.2.4 Failed to exec install script
163 verbose node_modules\toobusy unbuild
164 info preuninstall toobusy@0.2.4
165 info uninstall toobusy@0.2.4
166 verbose true,c:\Users\Spencer Brown\Projects\Fantastic\FantasticAlphaV2\node_modules,c:\Users\Spencer Brown\Projects\Fantastic\FantasticAlphaV2\node_modules unbuild toobusy@0.2.4
167 info postuninstall toobusy@0.2.4
168 error toobusy@0.2.4 install: `node-gyp rebuild`
168 error Exit status 1
169 error Failed at the toobusy@0.2.4 install script.
169 error This is most likely a problem with the toobusy package,
169 error not with npm itself.
169 error Tell the author that this fails on your system:
169 error     node-gyp rebuild
169 error You can get their info via:
169 error     npm owner ls toobusy
169 error There is likely additional logging output above.
170 error System Windows_NT 6.1.7601
171 error command "c:\\Program Files\\nodejs\\node.exe" "c:\\Program Files\\nodejs\\node_modules\\npm\\bin\\npm-cli.js" "install" "toobusy"
172 error cwd c:\Users\Spencer Brown\Projects\Fantastic\FantasticAlphaV2
173 error node -v v0.10.30
174 error npm -v 1.4.21
175 error code ELIFECYCLE
176 verbose exit [ 1, true ]
